Release 14.7 - xst P.20131013 (nt64)
Copyright (c) 1995-2013 Xilinx, Inc.  All rights reserved.
--> Parameter TMPDIR set to xst/projnav.tmp


Total REAL time to Xst completion: 0.00 secs
Total CPU time to Xst completion: 0.09 secs
 
--> Parameter xsthdpdir set to xst


Total REAL time to Xst completion: 0.00 secs
Total CPU time to Xst completion: 0.09 secs
 
--> Reading design: Display1.prj

TABLE OF CONTENTS
  1) Synthesis Options Summary
  2) HDL Parsing
  3) HDL Elaboration
  4) HDL Synthesis
       4.1) HDL Synthesis Report
  5) Advanced HDL Synthesis
       5.1) Advanced HDL Synthesis Report
  6) Low Level Synthesis
  7) Partition Report
  8) Design Summary
       8.1) Primitive and Black Box Usage
       8.2) Device utilization summary
       8.3) Partition Resource Summary
       8.4) Timing Report
            8.4.1) Clock Information
            8.4.2) Asynchronous Control Signals Information
            8.4.3) Timing Summary
            8.4.4) Timing Details
            8.4.5) Cross Clock Domains Report


=========================================================================
*                      Synthesis Options Summary                        *
=========================================================================
---- Source Parameters
Input File Name                    : "Display1.prj"
Ignore Synthesis Constraint File   : NO

---- Target Parameters
Output File Name                   : "Display1"
Output Format                      : NGC
Target Device                      : xc6slx16-3-csg324

---- Source Options
Top Module Name                    : Display1
Automatic FSM Extraction           : YES
FSM Encoding Algorithm             : Auto
Safe Implementation                : No
FSM Style                          : LUT
RAM Extraction                     : Yes
RAM Style                          : Auto
ROM Extraction                     : Yes
Shift Register Extraction          : YES
ROM Style                          : Auto
Resource Sharing                   : YES
Asynchronous To Synchronous        : NO
Shift Register Minimum Size        : 2
Use DSP Block                      : Auto
Automatic Register Balancing       : No

---- Target Options
LUT Combining                      : Auto
Reduce Control Sets                : Auto
Add IO Buffers                     : YES
Global Maximum Fanout              : 100000
Add Generic Clock Buffer(BUFG)     : 16
Register Duplication               : YES
Optimize Instantiated Primitives   : NO
Use Clock Enable                   : Auto
Use Synchronous Set                : Auto
Use Synchronous Reset              : Auto
Pack IO Registers into IOBs        : Auto
Equivalent register Removal        : YES

---- General Options
Optimization Goal                  : Speed
Optimization Effort                : 1
Power Reduction                    : NO
Keep Hierarchy                     : No
Netlist Hierarchy                  : As_Optimized
RTL Output                         : Yes
Global Optimization                : AllClockNets
Read Cores                         : YES
Write Timing Constraints           : NO
Cross Clock Analysis               : NO
Hierarchy Separator                : /
Bus Delimiter                      : <>
Case Specifier                     : Maintain
Slice Utilization Ratio            : 100
BRAM Utilization Ratio             : 100
DSP48 Utilization Ratio            : 100
Auto BRAM Packing                  : NO
Slice Utilization Ratio Delta      : 5

=========================================================================


=========================================================================
*                          HDL Parsing                                  *
=========================================================================
Parsing VHDL file "C:\Users\Keli Tauana\Documents\SLP\Display1\Display1.vhd" into library work
Parsing entity <Display1>.
Parsing architecture <Behavioral> of entity <display1>.

=========================================================================
*                            HDL Elaboration                            *
=========================================================================

Elaborating entity <Display1> (architecture <Behavioral>) from library <work>.

=========================================================================
*                           HDL Synthesis                               *
=========================================================================

Synthesizing Unit <Display1>.
    Related source file is "C:\Users\Keli Tauana\Documents\SLP\Display1\Display1.vhd".
    Found 3-bit register for signal <cont>.
    Found 26-bit register for signal <cont_rapido>.
    Found 26-bit adder for signal <cont_rapido[25]_GND_3_o_add_3_OUT> created at line 74.
    Found 3-bit adder for signal <cont[2]_GND_3_o_add_5_OUT> created at line 80.
    Found 8x11-bit Read Only RAM for signal <_n0037>
    Found 26-bit comparator greater for signal <cont_rapido[25]_PWR_3_o_LessThan_3_o> created at line 73
    Found 3-bit comparator lessequal for signal <cont[2]_PWR_3_o_LessThan_5_o> created at line 79
    Summary:
	inferred   1 RAM(s).
	inferred   2 Adder/Subtractor(s).
	inferred  29 D-type flip-flop(s).
	inferred   2 Comparator(s).
Unit <Display1> synthesized.

=========================================================================
HDL Synthesis Report

Macro Statistics
# RAMs                                                 : 1
 8x11-bit single-port Read Only RAM                    : 1
# Adders/Subtractors                                   : 2
 26-bit adder                                          : 1
 3-bit adder                                           : 1
# Registers                                            : 2
 26-bit register                                       : 1
 3-bit register                                        : 1
# Comparators                                          : 2
 26-bit comparator greater                             : 1
 3-bit comparator lessequal                            : 1

=========================================================================

=========================================================================
*                       Advanced HDL Synthesis                          *
=========================================================================


Synthesizing (advanced) Unit <Display1>.
The following registers are absorbed into counter <cont>: 1 register on signal <cont>.
The following registers are absorbed into counter <cont_rapido>: 1 register on signal <cont_rapido>.
INFO:Xst:3218 - HDL ADVISOR - The RAM <Mram__n0037> will be implemented on LUTs either because you have described an asynchronous read or because of currently unsupported block RAM features. If you have described an asynchronous read, making it synchronous would allow you to take advantage of available block RAM resources, for optimized device usage and improved timings. Please refer to your documentation for coding guidelines.
    -----------------------------------------------------------------------
    | ram_type           | Distributed                         |          |
    -----------------------------------------------------------------------
    | Port A                                                              |
    |     aspect ratio   | 8-word x 11-bit                     |          |
    |     weA            | connected to signal <GND>           | high     |
    |     addrA          | connected to signal <cont>          |          |
    |     diA            | connected to signal <GND>           |          |
    |     doA            | connected to signal <display>       |          |
    -----------------------------------------------------------------------
Unit <Display1> synthesized (advanced).

=========================================================================
Advanced HDL Synthesis Report

Macro Statistics
# RAMs                                                 : 1
 8x11-bit single-port distributed Read Only RAM        : 1
# Counters                                             : 2
 26-bit up counter                                     : 1
 3-bit up counter                                      : 1
# Comparators                                          : 2
 26-bit comparator greater                             : 1
 3-bit comparator lessequal                            : 1

=========================================================================

=========================================================================
*                         Low Level Synthesis                           *
=========================================================================

Optimizing unit <Display1> ...

Mapping all equations...
Building and optimizing final netlist ...
Found area constraint ratio of 100 (+ 5) on block Display1, actual ratio is 0.
FlipFlop cont_rapido_18 has been replicated 1 time(s)

Final Macro Processing ...

=========================================================================
Final Register Report

Macro Statistics
# Registers                                            : 30
 Flip-Flops                                            : 30

=========================================================================

=========================================================================
*                           Partition Report                            *
=========================================================================

Partition Implementation Status
-------------------------------

  No Partitions were found in this design.

-------------------------------

=========================================================================
*                            Design Summary                             *
=========================================================================

Top Level Output File Name         : Display1.ngc

Primitive and Black Box Usage:
------------------------------
# BELS                             : 128
#      GND                         : 1
#      INV                         : 1
#      LUT1                        : 25
#      LUT2                        : 7
#      LUT3                        : 7
#      LUT4                        : 1
#      LUT5                        : 2
#      LUT6                        : 32
#      MUXCY                       : 25
#      VCC                         : 1
#      XORCY                       : 26
# FlipFlops/Latches                : 30
#      FD                          : 30
# Clock Buffers                    : 1
#      BUFGP                       : 1
# IO Buffers                       : 14
#      OBUF                        : 14

Device utilization summary:
---------------------------

Selected Device : 6slx16csg324-3 


Slice Logic Utilization: 
 Number of Slice Registers:              30  out of  18224     0%  
 Number of Slice LUTs:                   75  out of   9112     0%  
    Number used as Logic:                75  out of   9112     0%  

Slice Logic Distribution: 
 Number of LUT Flip Flop pairs used:     76
   Number with an unused Flip Flop:      46  out of     76    60%  
   Number with an unused LUT:             1  out of     76     1%  
   Number of fully used LUT-FF pairs:    29  out of     76    38%  
   Number of unique control sets:         1

IO Utilization: 
 Number of IOs:                          15
 Number of bonded IOBs:                  15  out of    232     6%  

Specific Feature Utilization:
 Number of BUFG/BUFGCTRLs:                1  out of     16     6%  

---------------------------
Partition Resource Summary:
---------------------------

  No Partitions were found in this design.

---------------------------


=========================================================================
Timing Report

NOTE: THESE TIMING NUMBERS ARE ONLY A SYNTHESIS ESTIMATE.
      FOR ACCURATE TIMING INFORMATION PLEASE REFER TO THE TRACE REPORT
      GENERATED AFTER PLACE-and-ROUTE.

Clock Information:
------------------
-----------------------------------+------------------------+-------+
Clock Signal                       | Clock buffer(FF name)  | Load  |
-----------------------------------+------------------------+-------+
clk                                | BUFGP                  | 30    |
-----------------------------------+------------------------+-------+

Asynchronous Control Signals Information:
----------------------------------------
No asynchronous control signals found in this design

Timing Summary:
---------------
Speed Grade: -3

   Minimum period: 3.753ns (Maximum Frequency: 266.482MHz)
   Minimum input arrival time before clock: No path found
   Maximum output required time after clock: 5.001ns
   Maximum combinational path delay: No path found

Timing Details:
---------------
All values displayed in nanoseconds (ns)

=========================================================================
Timing constraint: Default period analysis for Clock 'clk'
  Clock period: 3.753ns (frequency: 266.482MHz)
  Total number of paths / destination ports: 954 / 30
-------------------------------------------------------------------------
Delay:               3.753ns (Levels of Logic = 3)
  Source:            cont_rapido_15 (FF)
  Destination:       cont_rapido_0 (FF)
  Source Clock:      clk rising
  Destination Clock: clk rising

  Data Path: cont_rapido_15 to cont_rapido_0
                                Gate     Net
    Cell:in->out      fanout   Delay   Delay  Logical Name (Net Name)
    ----------------------------------------  ------------
     FD:C->Q               2   0.447   0.981  cont_rapido_15 (cont_rapido_15)
     LUT6:I0->O            3   0.203   0.651  cont_rapido[25]_PWR_3_o_LessThan_3_o32 (cont_rapido[25]_PWR_3_o_LessThan_3_o31)
     LUT6:I5->O           14   0.205   0.958  cont_rapido[25]_PWR_3_o_LessThan_3_o33 (cont_rapido[25]_PWR_3_o_LessThan_3_o32)
     LUT6:I5->O            1   0.205   0.000  cont_rapido_0_rstpot (cont_rapido_0_rstpot)
     FD:D                      0.102          cont_rapido_0
    ----------------------------------------
    Total                      3.753ns (1.162ns logic, 2.591ns route)
                                       (31.0% logic, 69.0% route)

=========================================================================
Timing constraint: Default OFFSET OUT AFTER for Clock 'clk'
  Total number of paths / destination ports: 31 / 14
-------------------------------------------------------------------------
Offset:              5.001ns (Levels of Logic = 2)
  Source:            cont_0 (FF)
  Destination:       display<3> (PAD)
  Source Clock:      clk rising

  Data Path: cont_0 to display<3>
                                Gate     Net
    Cell:in->out      fanout   Delay   Delay  Logical Name (Net Name)
    ----------------------------------------  ------------
     FD:C->Q              13   0.447   1.161  cont_0 (cont_0)
     LUT3:I0->O            2   0.205   0.616  display<3>1 (display_3_OBUF)
     OBUF:I->O                 2.571          display_3_OBUF (display<3>)
    ----------------------------------------
    Total                      5.001ns (3.223ns logic, 1.778ns route)
                                       (64.5% logic, 35.5% route)

=========================================================================

Cross Clock Domains Report:
--------------------------

Clock to Setup on destination clock clk
---------------+---------+---------+---------+---------+
               | Src:Rise| Src:Fall| Src:Rise| Src:Fall|
Source Clock   |Dest:Rise|Dest:Rise|Dest:Fall|Dest:Fall|
---------------+---------+---------+---------+---------+
clk            |    3.753|         |         |         |
---------------+---------+---------+---------+---------+

=========================================================================


Total REAL time to Xst completion: 6.00 secs
Total CPU time to Xst completion: 6.04 secs
 
--> 

Total memory usage is 257424 kilobytes

Number of errors   :    0 (   0 filtered)
Number of warnings :    0 (   0 filtered)
Number of infos    :    1 (   0 filtered)

